<?xml version="1.0" encoding="UTF-8"?>
<!-- Generated by org.testng.reporters.JUnitXMLReporter -->
<testsuite hostname="IB-Pune-PC-077" ignored="0" name="Test" tests="2" failures="0" timestamp="27 Jun 2018 09:38:36 GMT" time="34.984" errors="0">
  <testcase name="tc_002_registration_functionality" time="5.165" classname="org.automation.testingworld.testcases.TC_002_RegistrationFunction"/>
  <testcase name="tc_001_login_functionality" time="5.393" classname="org.automation.testingworld.testcases.TC_001_ValidateLoginFunctionality"/>
</testsuite> <!-- Test -->
