<?xml version="1.0" encoding="UTF-8"?>
<!-- Generated by org.testng.reporters.JUnitXMLReporter -->
<testsuite hostname="IB-Pune-PC-077" ignored="0" name="Test" tests="4" failures="0" timestamp="02 Jul 2018 06:42:16 GMT" time="76.679" errors="0">
  <testcase name="tc_001_login_functionality" time="6.123" classname="org.automation.assignment.testcases.TC_001_ValidateLoginFunctionality"/>
  <testcase name="tc_001_login_functionality" time="6.328" classname="org.automation.assignment.testcases.TC_001_ValidateLoginFunctionality"/>
  <testcase name="tc_002_registration_functionality" time="6.899" classname="org.automation.assignment.testcases.TC_002_RegistrationFunction"/>
  <testcase name="tc_002_registration_functionality" time="5.194" classname="org.automation.assignment.testcases.TC_002_RegistrationFunction"/>
</testsuite> <!-- Test -->
