<?xml version="1.0" encoding="UTF-8"?>
<!-- Generated by org.testng.reporters.JUnitXMLReporter -->
<testsuite hostname="IB-Pune-PC-077" ignored="0" name="Test" tests="3" failures="0" timestamp="04 Jul 2018 09:50:14 GMT" time="0.421" errors="0">
  <testcase name="@BeforeMethod startBrowser" time="0.0" classname="org.automation.assignment.base.InstantiateDriver">
    <failure type="java.lang.NullPointerException">
      <![CDATA[java.lang.NullPointerException
	at org.automation.assignment.base.InstantiateDriver.startBrowser(InstantiateDriver.java:44)
... Removed 30 stack frames]]>
    </failure>
  </testcase> <!-- @BeforeMethod startBrowser -->
  <testcase name="@BeforeMethod startBrowser" time="0.0" classname="org.automation.assignment.base.InstantiateDriver">
    <skipped/>
  </testcase> <!-- @BeforeMethod startBrowser -->
  <testcase name="@BeforeMethod startBrowser" time="0.0" classname="org.automation.assignment.base.InstantiateDriver">
    <skipped/>
  </testcase> <!-- @BeforeMethod startBrowser -->
  <testcase name="tc_001_login_functionality" time="0.0" classname="org.automation.assignment.testcases.TC_001_ValidateLoginFunctionality">
    <skipped/>
  </testcase> <!-- tc_001_login_functionality -->
  <testcase name="tc_001_login_functionality" time="0.0" classname="org.automation.assignment.testcases.TC_001_ValidateLoginFunctionality">
    <skipped/>
  </testcase> <!-- tc_001_login_functionality -->
  <testcase name="tc_002_registration_functionality" time="0.0" classname="org.automation.assignment.testcases.TC_002_RegistrationFunction">
    <skipped/>
  </testcase> <!-- tc_002_registration_functionality -->
</testsuite> <!-- Test -->
